<?xml version="1.0" encoding="UTF-8"?>
<testsuite xmlns:xsi="http://www.w3.org/2001/XMLSchema-instance" xsi:noNamespaceSchemaLocation="https://maven.apache.org/surefire/maven-surefire-plugin/xsd/surefire-test-report.xsd" name="it.dromedian.DicomService41ApplicationTests" time="2.983" tests="1" errors="1" skipped="0" failures="0">
  <properties>
[...]
</properties>
  <testcase name="multiple_curl" classname="it.dromedian.DicomService41ApplicationTests" time="0.928">
    <error message="curl -X GET http://127.0.0.1:7090/existPatientID/123450 could not be parsed into a proper Uri, missing scheme" type="java.lang.IllegalArgumentException">java.lang.IllegalArgumentException: curl -X GET http://127.0.0.1:7090/existPatientID/123450 could not be parsed into a proper Uri, missing scheme
	at it.dromedian.DicomService41ApplicationTests.testUrl(DicomService41ApplicationTests.java:73)
	at it.dromedian.DicomService41ApplicationTests.multiple_curl(DicomService41ApplicationTests.java:43)
</error>
    <system-out><![CDATA[17:59:44.651 [main] DEBUG org.springframework.test.context.BootstrapUtils - Instantiating CacheAwareContextLoaderDelegate from class [org.springframework.test.context.cache.DefaultCacheAwareContextLoaderDelegate]
17:59:44.664 [main] DEBUG org.springframework.test.context.BootstrapUtils - Instantiating BootstrapContext using constructor [public org.springframework.test.context.support.DefaultBootstrapContext(java.lang.Class,org.springframework.test.context.CacheAwareContextLoaderDelegate)]
17:59:44.692 [main] DEBUG org.springframework.test.context.BootstrapUtils - Instantiating TestContextBootstrapper for test class [it.dromedian.DicomService41ApplicationTests] from class [org.springframework.boot.test.context.SpringBootTestContextBootstrapper]
17:59:44.726 [main] INFO org.springframework.boot.test.context.SpringBootTestContextBootstrapper - Neither @ContextConfiguration nor @ContextHierarchy found for test class [it.dromedian.DicomService41ApplicationTests], using SpringBootContextLoader
17:59:44.731 [main] DEBUG org.springframework.test.context.support.AbstractContextLoader - Did not detect default resource location for test class [it.dromedian.DicomService41ApplicationTests]: class path resource [it/dromedian/DicomService41ApplicationTests-context.xml] does not exist
17:59:44.731 [main] DEBUG org.springframework.test.context.support.AbstractContextLoader - Did not detect default resource location for test class [it.dromedian.DicomService41ApplicationTests]: class path resource [it/dromedian/DicomService41ApplicationTestsContext.groovy] does not exist
17:59:44.731 [main] INFO org.springframework.test.context.support.AbstractContextLoader - Could not detect default resource locations for test class [it.dromedian.DicomService41ApplicationTests]: no resource found for suffixes {-context.xml, Context.groovy}.
17:59:44.732 [main] INFO org.springframework.test.context.support.AnnotationConfigContextLoaderUtils - Could not detect default configuration classes for test class [it.dromedian.DicomService41ApplicationTests]: DicomService41ApplicationTests does not declare any static, non-private, non-final, nested classes annotated with @Configuration.
17:59:44.768 [main] DEBUG org.springframework.test.context.support.ActiveProfilesUtils - Could not find an 'annotation declaring class' for annotation type [org.springframework.test.context.ActiveProfiles] and class [it.dromedian.DicomService41ApplicationTests]
17:59:44.838 [main] DEBUG org.springframework.context.annotation.ClassPathScanningCandidateComponentProvider - Identified candidate component class: file [C:\Users\nturri\eclipse-workspace\dicomService4-1\target\classes\it\dromedian\Application.class]
17:59:44.854 [main] INFO org.springframework.boot.test.context.SpringBootTestContextBootstrapper - Found @SpringBootConfiguration it.dromedian.Application for test class it.dromedian.DicomService41ApplicationTests
17:59:44.953 [main] DEBUG org.springframework.boot.test.context.SpringBootTestContextBootstrapper - @TestExecutionListeners is not present for class [it.dromedian.DicomService41ApplicationTests]: using defaults.
17:59:44.954 [main] INFO org.springframework.boot.test.context.SpringBootTestContextBootstrapper - Loaded default TestExecutionListener class names from location [META-INF/spring.factories]: [org.springframework.boot.test.mock.mockito.MockitoTestExecutionListener, org.springframework.boot.test.mock.mockito.ResetMocksTestExecutionListener, org.springframework.boot.test.autoconfigure.restdocs.RestDocsTestExecutionListener, org.springframework.boot.test.autoconfigure.web.client.MockRestServiceServerResetTestExecutionListener, org.springframework.boot.test.autoconfigure.web.servlet.MockMvcPrintOnlyOnFailureTestExecutionListener, org.springframework.boot.test.autoconfigure.web.servlet.WebDriverTestExecutionListener, org.springframework.test.context.web.ServletTestExecutionListener, org.springframework.test.context.support.DirtiesContextBeforeModesTestExecutionListener, org.springframework.test.context.support.DependencyInjectionTestExecutionListener, org.springframework.test.context.support.DirtiesContextTestExecutionListener, org.springframework.test.context.transaction.TransactionalTestExecutionListener, org.springframework.test.context.jdbc.SqlScriptsTestExecutionListener, org.springframework.test.context.event.EventPublishingTestExecutionListener]
17:59:44.968 [main] DEBUG org.springframework.boot.test.context.SpringBootTestContextBootstrapper - Skipping candidate TestExecutionListener [org.springframework.test.context.transaction.TransactionalTestExecutionListener] due to a missing dependency. Specify custom listener classes or make the default listener classes and their required dependencies available. Offending class: [org/springframework/transaction/interceptor/TransactionAttributeSource]
17:59:44.969 [main] DEBUG org.springframework.boot.test.context.SpringBootTestContextBootstrapper - Skipping candidate TestExecutionListener [org.springframework.test.context.jdbc.SqlScriptsTestExecutionListener] due to a missing dependency. Specify custom listener classes or make the default listener classes and their required dependencies available. Offending class: [org/springframework/transaction/interceptor/TransactionAttribute]
17:59:44.969 [main] INFO org.springframework.boot.test.context.SpringBootTestContextBootstrapper - Using TestExecutionListeners: [org.springframework.test.context.web.ServletTestExecutionListener@ecf639, org.springframework.test.context.support.DirtiesContextBeforeModesTestExecutionListener@aa0244, org.springframework.boot.test.mock.mockito.MockitoTestExecutionListener@e026d3, org.springframework.boot.test.autoconfigure.SpringBootDependencyInjectionTestExecutionListener@e69770, org.springframework.test.context.support.DirtiesContextTestExecutionListener@150fbeb, org.springframework.test.context.event.EventPublishingTestExecutionListener@1247367, org.springframework.boot.test.mock.mockito.ResetMocksTestExecutionListener@8f106e, org.springframework.boot.test.autoconfigure.restdocs.RestDocsTestExecutionListener@9a5ed8, org.springframework.boot.test.autoconfigure.web.client.MockRestServiceServerResetTestExecutionListener@57f43, org.springframework.boot.test.autoconfigure.web.servlet.MockMvcPrintOnlyOnFailureTestExecutionListener@c284af, org.springframework.boot.test.autoconfigure.web.servlet.WebDriverTestExecutionListener@90e879]
17:59:44.972 [main] DEBUG org.springframework.test.context.support.AbstractDirtiesContextTestExecutionListener - Before test class: context [DefaultTestContext@188af83 testClass = DicomService41ApplicationTests, testInstance = [null], testMethod = [null], testException = [null], mergedContextConfiguration = [WebMergedContextConfiguration@1e968ce testClass = DicomService41ApplicationTests, locations = '{}', classes = '{class it.dromedian.Application}', contextInitializerClasses = '[]', activeProfiles = '{}', propertySourceLocations = '{}', propertySourceProperties = '{org.springframework.boot.test.context.SpringBootTestContextBootstrapper=true}', contextCustomizers = set[org.springframework.boot.test.context.filter.ExcludeFilterContextCustomizer@1ec71f8, org.springframework.boot.test.json.DuplicateJsonObjectContextCustomizerFactory$DuplicateJsonObjectContextCustomizer@3d2c72, org.springframework.boot.test.mock.mockito.MockitoContextCustomizer@0, org.springframework.boot.test.web.client.TestRestTemplateContextCustomizer@7ddf94, org.springframework.boot.test.autoconfigure.properties.PropertyMappingContextCustomizer@0, org.springframework.boot.test.autoconfigure.web.servlet.WebDriverContextCustomizerFactory$Customizer@a3d150], resourceBasePath = 'src/main/webapp', contextLoader = 'org.springframework.boot.test.context.SpringBootContextLoader', parent = [null]], attributes = map['org.springframework.test.context.web.ServletTestExecutionListener.activateListener' -> true]], class annotated with @DirtiesContext [false] with mode [null].
17:59:44.998 [main] DEBUG org.springframework.test.context.support.TestPropertySourceUtils - Adding inlined properties to environment: {spring.jmx.enabled=false, org.springframework.boot.test.context.SpringBootTestContextBootstrapper=true, server.port=-1}

  .   ____          _            __ _ _
 /\\ / ___'_ __ _ _(_)_ __  __ _ \ \ \ \
( ( )\___ | '_ | '_| | '_ \/ _` | \ \ \ \
 \\/  ___)| |_)| | | | | || (_| |  ) ) ) )
  '  |____| .__|_| |_|_| |_\__, | / / / /
 =========|_|==============|___/=/_/_/_/
 :: Spring Boot ::        (v2.2.4.RELEASE)

2020-02-07 17:59:45.318  INFO 16484 --- [           main] i.d.DicomService41ApplicationTests       : Starting DicomService41ApplicationTests on nturri-HP with PID 16484 (started by nturri in C:\Users\nturri\eclipse-workspace\dicomService4-1)
2020-02-07 17:59:45.319  INFO 16484 --- [           main] i.d.DicomService41ApplicationTests       : No active profile set, falling back to default profiles: default
2020-02-07 17:59:46.378  INFO 16484 --- [           main] o.s.s.concurrent.ThreadPoolTaskExecutor  : Initializing ExecutorService 'applicationTaskExecutor'
file://c:\logs/
2020-02-07 17:59:46.633  INFO 16484 --- [           main] i.d.DicomService41ApplicationTests       : Started DicomService41ApplicationTests in 1.624 seconds (JVM running for 2.579)
ae host: 184.73.255.26
]]></system-out>
  </testcase>
</testsuite>